000 (010.000.000) 11/13 11:30:37 Job submitted from host: <146.169.26.174:9618?addrs=146.169.26.174-9618+[2a0c-5bc0-40-11a8-59e9-e27d-9f37-f6e1]-9618&noUDP&sock=14755_9865_3>
...
000 (010.001.000) 11/13 11:30:37 Job submitted from host: <146.169.26.174:9618?addrs=146.169.26.174-9618+[2a0c-5bc0-40-11a8-59e9-e27d-9f37-f6e1]-9618&noUDP&sock=14755_9865_3>
...
000 (010.002.000) 11/13 11:30:37 Job submitted from host: <146.169.26.174:9618?addrs=146.169.26.174-9618+[2a0c-5bc0-40-11a8-59e9-e27d-9f37-f6e1]-9618&noUDP&sock=14755_9865_3>
...
000 (010.003.000) 11/13 11:30:37 Job submitted from host: <146.169.26.174:9618?addrs=146.169.26.174-9618+[2a0c-5bc0-40-11a8-59e9-e27d-9f37-f6e1]-9618&noUDP&sock=14755_9865_3>
...
000 (010.004.000) 11/13 11:30:37 Job submitted from host: <146.169.26.174:9618?addrs=146.169.26.174-9618+[2a0c-5bc0-40-11a8-59e9-e27d-9f37-f6e1]-9618&noUDP&sock=14755_9865_3>
...
001 (009.000.000) 11/13 11:30:49 Job executing on host: <146.169.24.33:9618?addrs=146.169.24.33-9618+[2a0c-5bc0-40-11a8-90a5-6d13-d6a2-bc5b]-9618&noUDP&sock=5881_c4f7_42>
...
001 (010.003.000) 11/13 11:30:49 Job executing on host: <146.169.26.80:9618?addrs=146.169.26.80-9618+[2a0c-5bc0-40-11a8-a5c4-b190-1f29-f58]-9618&noUDP&sock=24015_2f61_4>
...
001 (009.002.000) 11/13 11:30:49 Job executing on host: <146.169.25.10:9618?addrs=146.169.25.10-9618+[2a0c-5bc0-40-11a8-83a-f268-5e8-348c]-9618&noUDP&sock=7270_8203_4>
...
001 (009.003.000) 11/13 11:30:49 Job executing on host: <146.169.25.11:9618?addrs=146.169.25.11-9618+[2a0c-5bc0-40-11a8-6c24-9124-3f72-45ee]-9618&noUDP&sock=32167_c76e_63>
...
006 (009.000.000) 11/13 11:30:49 Image size of job updated: 15
	1  -  MemoryUsage of job (MB)
	8  -  ResidentSetSize of job (KB)
...
001 (010.002.000) 11/13 11:30:49 Job executing on host: <146.169.26.48:9618?addrs=146.169.26.48-9618+[2a0c-5bc0-40-11a8-6dbd-7de8-a06c-61b3]-9618&noUDP&sock=7118_3f9e_4>
...
005 (009.000.000) 11/13 11:30:49 Job terminated.
	(1) Normal termination (return value 0)
		Usr 0 00:00:00, Sys 0 00:00:00  -  Run Remote Usage
		Usr 0 00:00:00, Sys 0 00:00:00  -  Run Local Usage
		Usr 0 00:00:00, Sys 0 00:00:00  -  Total Remote Usage
		Usr 0 00:00:00, Sys 0 00:00:00  -  Total Local Usage
	0  -  Run Bytes Sent By Job
	0  -  Run Bytes Received By Job
	0  -  Total Bytes Sent By Job
	0  -  Total Bytes Received By Job
	Partitionable Resources :    Usage  Request Allocated
	   Cpus                 :                 1         8
	   Disk (KB)            :       15       15  19366004
	   Gpus                 :                           0
	   Memory (MB)          :        1     1024     15926
...
001 (009.001.000) 11/13 11:30:49 Job executing on host: <146.169.4.12:9618?addrs=146.169.4.12-9618+[2a0c-5bc0-40-1194-f957-28b4-ea4e-8e75]-9618&noUDP&sock=17889_929c_4>
...
001 (010.000.000) 11/13 11:30:49 Job executing on host: <146.169.26.9:9618?addrs=146.169.26.9-9618+[2a0c-5bc0-40-11a8-f83d-e147-b624-1d68]-9618&noUDP&sock=17737_ffcf_4>
...
001 (010.004.000) 11/13 11:30:49 Job executing on host: <146.169.26.71:9618?addrs=146.169.26.71-9618+[2a0c-5bc0-40-11a8-f567-8669-805b-5d84]-9618&noUDP&sock=18363_6218_4>
...
001 (010.001.000) 11/13 11:30:49 Job executing on host: <146.169.24.17:9618?addrs=146.169.24.17-9618+[2a0c-5bc0-40-11a8-7d9a-ccdc-2c4a-4977]-9618&noUDP&sock=8897_49f3_4>
...
001 (009.004.000) 11/13 11:30:49 Job executing on host: <146.169.12.64:9618?addrs=146.169.12.64-9618+[--1]-9618&noUDP&sock=16463_2427_4>
...
006 (009.001.000) 11/13 11:30:49 Image size of job updated: 15
	0  -  MemoryUsage of job (MB)
	0  -  ResidentSetSize of job (KB)
...
005 (009.001.000) 11/13 11:30:49 Job terminated.
	(1) Normal termination (return value 0)
		Usr 0 00:00:00, Sys 0 00:00:00  -  Run Remote Usage
		Usr 0 00:00:00, Sys 0 00:00:00  -  Run Local Usage
		Usr 0 00:00:00, Sys 0 00:00:00  -  Total Remote Usage
		Usr 0 00:00:00, Sys 0 00:00:00  -  Total Local Usage
	0  -  Run Bytes Sent By Job
	0  -  Run Bytes Received By Job
	0  -  Total Bytes Sent By Job
	0  -  Total Bytes Received By Job
	Partitionable Resources :    Usage  Request Allocated
	   Cpus                 :                 1         8
	   Disk (KB)            :       15       15  17481420
	   Gpus                 :                           1
	   Memory (MB)          :        0     1024     15913
...
006 (010.004.000) 11/13 11:30:49 Image size of job updated: 15
	0  -  MemoryUsage of job (MB)
	0  -  ResidentSetSize of job (KB)
...
006 (009.002.000) 11/13 11:30:49 Image size of job updated: 15
	1  -  MemoryUsage of job (MB)
	8  -  ResidentSetSize of job (KB)
...
006 (009.004.000) 11/13 11:30:49 Image size of job updated: 15
	0  -  MemoryUsage of job (MB)
	0  -  ResidentSetSize of job (KB)
...
005 (010.004.000) 11/13 11:30:49 Job terminated.
	(1) Normal termination (return value 0)
		Usr 0 00:00:00, Sys 0 00:00:00  -  Run Remote Usage
		Usr 0 00:00:00, Sys 0 00:00:00  -  Run Local Usage
		Usr 0 00:00:00, Sys 0 00:00:00  -  Total Remote Usage
		Usr 0 00:00:00, Sys 0 00:00:00  -  Total Local Usage
	0  -  Run Bytes Sent By Job
	0  -  Run Bytes Received By Job
	0  -  Total Bytes Sent By Job
	0  -  Total Bytes Received By Job
	Partitionable Resources :    Usage  Request Allocated
	   Cpus                 :                 1         8
	   Disk (KB)            :       15       15  17937984
	   Gpus                 :                           1
	   Memory (MB)          :        0     1024     15887
...
006 (009.003.000) 11/13 11:30:49 Image size of job updated: 15
	1  -  MemoryUsage of job (MB)
	8  -  ResidentSetSize of job (KB)
...
006 (010.001.000) 11/13 11:30:49 Image size of job updated: 15
	0  -  MemoryUsage of job (MB)
	0  -  ResidentSetSize of job (KB)
...
005 (009.002.000) 11/13 11:30:49 Job terminated.
	(1) Normal termination (return value 0)
		Usr 0 00:00:00, Sys 0 00:00:00  -  Run Remote Usage
		Usr 0 00:00:00, Sys 0 00:00:00  -  Run Local Usage
		Usr 0 00:00:00, Sys 0 00:00:00  -  Total Remote Usage
		Usr 0 00:00:00, Sys 0 00:00:00  -  Total Local Usage
	0  -  Run Bytes Sent By Job
	0  -  Run Bytes Received By Job
	0  -  Total Bytes Sent By Job
	0  -  Total Bytes Received By Job
	Partitionable Resources :    Usage  Request Allocated
	   Cpus                 :                 1        32
	   Disk (KB)            :       15       15  16848052
	   Gpus                 :                           1
	   Memory (MB)          :        1     1024     64288
...
006 (010.000.000) 11/13 11:30:49 Image size of job updated: 15
	1  -  MemoryUsage of job (MB)
	8  -  ResidentSetSize of job (KB)
...
005 (009.004.000) 11/13 11:30:49 Job terminated.
	(1) Normal termination (return value 0)
		Usr 0 00:00:00, Sys 0 00:00:00  -  Run Remote Usage
		Usr 0 00:00:00, Sys 0 00:00:00  -  Run Local Usage
		Usr 0 00:00:00, Sys 0 00:00:00  -  Total Remote Usage
		Usr 0 00:00:00, Sys 0 00:00:00  -  Total Local Usage
	0  -  Run Bytes Sent By Job
	0  -  Run Bytes Received By Job
	0  -  Total Bytes Sent By Job
	0  -  Total Bytes Received By Job
	Partitionable Resources :    Usage  Request Allocated
	   Cpus                 :                 1         8
	   Disk (KB)            :       15       15  13630648
	   Gpus                 :                           0
	   Memory (MB)          :        0     1024     15920
...
005 (009.003.000) 11/13 11:30:49 Job terminated.
	(1) Normal termination (return value 0)
		Usr 0 00:00:00, Sys 0 00:00:00  -  Run Remote Usage
		Usr 0 00:00:00, Sys 0 00:00:00  -  Run Local Usage
		Usr 0 00:00:00, Sys 0 00:00:00  -  Total Remote Usage
		Usr 0 00:00:00, Sys 0 00:00:00  -  Total Local Usage
	0  -  Run Bytes Sent By Job
	0  -  Run Bytes Received By Job
	0  -  Total Bytes Sent By Job
	0  -  Total Bytes Received By Job
	Partitionable Resources :    Usage  Request Allocated
	   Cpus                 :                 1         8
	   Disk (KB)            :       15       15  20084408
	   Gpus                 :                           1
	   Memory (MB)          :        1     1024     15895
...
005 (010.001.000) 11/13 11:30:49 Job terminated.
	(1) Normal termination (return value 0)
		Usr 0 00:00:00, Sys 0 00:00:00  -  Run Remote Usage
		Usr 0 00:00:00, Sys 0 00:00:00  -  Run Local Usage
		Usr 0 00:00:00, Sys 0 00:00:00  -  Total Remote Usage
		Usr 0 00:00:00, Sys 0 00:00:00  -  Total Local Usage
	0  -  Run Bytes Sent By Job
	0  -  Run Bytes Received By Job
	0  -  Total Bytes Sent By Job
	0  -  Total Bytes Received By Job
	Partitionable Resources :    Usage  Request Allocated
	   Cpus                 :                 1         8
	   Disk (KB)            :       15       15  19723736
	   Gpus                 :                           1
	   Memory (MB)          :        0     1024     15928
...
006 (010.003.000) 11/13 11:30:49 Image size of job updated: 15
	1  -  MemoryUsage of job (MB)
	8  -  ResidentSetSize of job (KB)
...
006 (010.002.000) 11/13 11:30:49 Image size of job updated: 15
	1  -  MemoryUsage of job (MB)
	8  -  ResidentSetSize of job (KB)
...
005 (010.000.000) 11/13 11:30:49 Job terminated.
	(1) Normal termination (return value 0)
		Usr 0 00:00:00, Sys 0 00:00:00  -  Run Remote Usage
		Usr 0 00:00:00, Sys 0 00:00:00  -  Run Local Usage
		Usr 0 00:00:00, Sys 0 00:00:00  -  Total Remote Usage
		Usr 0 00:00:00, Sys 0 00:00:00  -  Total Local Usage
	0  -  Run Bytes Sent By Job
	0  -  Run Bytes Received By Job
	0  -  Total Bytes Sent By Job
	0  -  Total Bytes Received By Job
	Partitionable Resources :    Usage  Request Allocated
	   Cpus                 :                 1        12
	   Disk (KB)            :       15       15  19283460
	   Gpus                 :                           2
	   Memory (MB)          :        1     1024     64310
...
005 (010.003.000) 11/13 11:30:49 Job terminated.
	(1) Normal termination (return value 0)
		Usr 0 00:00:00, Sys 0 00:00:00  -  Run Remote Usage
		Usr 0 00:00:00, Sys 0 00:00:00  -  Run Local Usage
		Usr 0 00:00:00, Sys 0 00:00:00  -  Total Remote Usage
		Usr 0 00:00:00, Sys 0 00:00:00  -  Total Local Usage
	0  -  Run Bytes Sent By Job
	0  -  Run Bytes Received By Job
	0  -  Total Bytes Sent By Job
	0  -  Total Bytes Received By Job
	Partitionable Resources :    Usage  Request Allocated
	   Cpus                 :                 1         8
	   Disk (KB)            :       15       15  20107464
	   Gpus                 :                           1
	   Memory (MB)          :        1     1024     15895
...
005 (010.002.000) 11/13 11:30:49 Job terminated.
	(1) Normal termination (return value 0)
		Usr 0 00:00:00, Sys 0 00:00:00  -  Run Remote Usage
		Usr 0 00:00:00, Sys 0 00:00:00  -  Run Local Usage
		Usr 0 00:00:00, Sys 0 00:00:00  -  Total Remote Usage
		Usr 0 00:00:00, Sys 0 00:00:00  -  Total Local Usage
	0  -  Run Bytes Sent By Job
	0  -  Run Bytes Received By Job
	0  -  Total Bytes Sent By Job
	0  -  Total Bytes Received By Job
	Partitionable Resources :    Usage  Request Allocated
	   Cpus                 :                 1         8
	   Disk (KB)            :       15       15  19824780
	   Gpus                 :                           2
	   Memory (MB)          :        1     1024     64329
...
